<?xml version="1.0" encoding="UTF-8"?>
<!-- Generated by org.testng.reporters.JUnitReportReporter -->
<testsuite ignored="0" hostname="DESKTOP-L18PN07" failures="0" tests="1" name="com.testscripts.Tc_001" time="2.548" errors="0" timestamp="24 Sep 2020 00:33:45 GMT" skipped="0">
  <testcase classname="com.testscripts.Tc_001" name="UsedCars" time="2.548"/>
</testsuite> <!-- com.testscripts.Tc_001 -->
