<?xml version="1.0" encoding="UTF-8"?>
<!-- Generated by org.testng.reporters.JUnitReportReporter -->
<testsuite ignored="0" hostname="DESKTOP-L18PN07" failures="0" tests="1" name="com.testscripts.TC_002" time="2.368" errors="0" timestamp="24 Sep 2020 00:39:14 GMT" skipped="0">
  <testcase classname="com.testscripts.TC_002" name="verifyKiaExists" time="2.368"/>
</testsuite> <!-- com.testscripts.TC_002 -->
